Command line:
   FSM_String_isim_beh.exe
     -simmode  gui
     -simrunnum  0
     -socket  63312

Thu May 24 18:44:36 2018


 Elaboration Time: 0.03125 sec

 Current Memory Usage: 5174.26 Meg

 Total Signals          : 16
 Total Nets             : 122
 Total Signal Drivers   : 9
 Total Blocks           : 4
 Total Primitive Blocks : 4
 Total Processes        : 8
 Total Traceable Variables  : 14
 Total Scalar Nets and Variables : 504
Total Line Count : 67

 Total Simulation Time: 0.03125 sec

 Current Memory Usage: 5174.26 Meg

Thu May 24 18:44:55 2018

